#! /c/iverilog/bin/vvp
:ivl_version "0.9.7 " "(v0_9_7)";
:vpi_time_precision + 0;
:vpi_module "system";
:vpi_module "v2005_math";
:vpi_module "va_math";
S_009136B8 .scope module, "ctr" "ctr" 2 1;
 .timescale 0 0;
v00842FE8_0 .net "clk", 0 0, C4<z>; 0 drivers
v0091EA88_0 .var "out", 4 0;
v0091EAE0_0 .net "rst", 0 0, C4<z>; 0 drivers
E_009179F8 .event posedge, v00842FE8_0;
    .scope S_009136B8;
T_0 ;
    %wait E_009179F8;
    %load/v 8, v0091EAE0_0, 1;
    %mov 9, 0, 4;
    %cmpi/u 8, 0, 5;
    %jmp/0xz  T_0.0, 4;
    %ix/load 0, 5, 0;
    %assign/v0 v0091EA88_0, 0, 0;
    %jmp T_0.1;
T_0.0 ;
    %load/v 8, v0091EA88_0, 5;
    %cmpi/u 8, 31, 5;
    %jmp/0xz  T_0.2, 4;
    %load/v 8, v0091EA88_0, 5;
    %subi 8, 1, 5;
    %ix/load 0, 5, 0;
    %assign/v0 v0091EA88_0, 0, 8;
    %jmp T_0.3;
T_0.2 ;
    %ix/load 0, 1, 0;
    %load/vp0 8, v0091EA88_0, 5;
    %ix/load 0, 5, 0;
    %assign/v0 v0091EA88_0, 0, 8;
T_0.3 ;
T_0.1 ;
    %jmp T_0;
    .thread T_0;
# The file index is used to find the file name in the following table.
:file_names 3;
    "N/A";
    "<interactive>";
    "5bitup_ctr.v";
