#! /c/iverilog/bin/vvp
:ivl_version "0.9.7 " "(v0_9_7)";
:vpi_time_precision + 0;
:vpi_module "system";
:vpi_module "v2005_math";
:vpi_module "va_math";
S_008A5460 .scope module, "tb_ctr" "tb_ctr" 2 2;
 .timescale 0 0;
v008A3688_0 .var "clk", 0 0;
v008A36E0_0 .net "out", 4 0, v01042CA8_0; 1 drivers
v008A5668_0 .var "rst", 0 0;
S_01042BC8 .scope module, "Ctr1" "ctr" 2 28, 3 1, S_008A5460;
 .timescale 0 0;
v01042C50_0 .net "clk", 0 0, v008A3688_0; 1 drivers
v01042CA8_0 .var "out", 4 0;
v008A3630_0 .net "rst", 0 0, v008A5668_0; 1 drivers
E_008A3B10 .event posedge, v01042C50_0;
    .scope S_01042BC8;
T_0 ;
    %wait E_008A3B10;
    %load/v 8, v008A3630_0, 1;
    %mov 9, 0, 4;
    %cmpi/u 8, 0, 5;
    %jmp/0xz  T_0.0, 4;
    %ix/load 0, 5, 0;
    %assign/v0 v01042CA8_0, 0, 0;
    %jmp T_0.1;
T_0.0 ;
    %load/v 8, v01042CA8_0, 5;
    %cmpi/u 8, 31, 5;
    %jmp/0xz  T_0.2, 4;
    %load/v 8, v01042CA8_0, 5;
    %subi 8, 1, 5;
    %ix/load 0, 5, 0;
    %assign/v0 v01042CA8_0, 0, 8;
    %jmp T_0.3;
T_0.2 ;
    %ix/load 0, 1, 0;
    %load/vp0 8, v01042CA8_0, 5;
    %ix/load 0, 5, 0;
    %assign/v0 v01042CA8_0, 0, 8;
T_0.3 ;
T_0.1 ;
    %jmp T_0;
    .thread T_0;
    .scope S_008A5460;
T_1 ;
    %vpi_call 2 7 "$monitor", "Count = %b", v008A36E0_0;
    %end;
    .thread T_1;
    .scope S_008A5460;
T_2 ;
    %delay 0, 0;
    %set/v v008A5668_0, 0, 1;
    %delay 5, 0;
    %set/v v008A5668_0, 1, 1;
    %end;
    .thread T_2;
    .scope S_008A5460;
T_3 ;
    %delay 0, 0;
    %set/v v008A3688_0, 1, 1;
T_3.0 ;
    %delay 5, 0;
    %load/v 8, v008A3688_0, 1;
    %inv 8, 1;
    %set/v v008A3688_0, 8, 1;
    %jmp T_3.0;
    %end;
    .thread T_3;
    .scope S_008A5460;
T_4 ;
    %vpi_call 2 24 "$dumpfile", "tb_ctr.vcd";
    %vpi_call 2 25 "$dumpvars", 1'sb0, S_008A5460;
    %delay 320, 0;
    %vpi_call 2 26 "$finish";
    %end;
    .thread T_4;
# The file index is used to find the file name in the following table.
:file_names 4;
    "N/A";
    "<interactive>";
    "tb_ctr.v";
    "./5bitup_ctr.v";
