#! /c/iverilog/bin/vvp
:ivl_version "0.9.7 " "(v0_9_7)";
:vpi_time_precision - 12;
:vpi_module "system";
:vpi_module "v2005_math";
:vpi_module "va_math";
S_001E8900 .scope module, "test_fifo" "test_fifo" 2 3;
 .timescale -9 -12;
v0081E6D0_0 .var "clk", 0 0;
v0081E938_0 .var "din", 7 0;
v0081E360_0 .net "dout", 7 0, v0081E728_0; 1 drivers
v0081E780_0 .net "empty", 0 0, L_008218E0; 1 drivers
v0081E830_0 .net "full", 0 0, L_0081E8E0; 1 drivers
v0081E3B8_0 .var "rd_en", 0 0;
v0081E7D8_0 .var "reset", 0 0;
v0081E200_0 .var "wr_en", 0 0;
S_0081EBA8 .scope task, "endread" "endread" 2 100, 2 100, S_001E8900;
 .timescale -9 -12;
TD_test_fifo.endread ;
    %wait E_00817710;
    %set/v v0081E3B8_0, 0, 1;
    %end;
S_0081EED8 .scope task, "endwrite" "endwrite" 2 73, 2 73, S_001E8900;
 .timescale -9 -12;
TD_test_fifo.endwrite ;
    %set/v v0081E200_0, 0, 1;
    %set/v v0081E938_0, 0, 8;
    %end;
S_0081F7E0 .scope task, "read" "read" 2 81, 2 81, S_001E8900;
 .timescale -9 -12;
TD_test_fifo.read ;
    %wait E_00817710;
    %set/v v0081E3B8_0, 1, 1;
    %end;
S_001E84C0 .scope task, "read16" "read16" 2 90, 2 90, S_001E8900;
 .timescale -9 -12;
TD_test_fifo.read16 ;
    %fork TD_test_fifo.read, S_0081F7E0;
    %join;
    %fork TD_test_fifo.read, S_0081F7E0;
    %join;
    %fork TD_test_fifo.read, S_0081F7E0;
    %join;
    %fork TD_test_fifo.read, S_0081F7E0;
    %join;
    %fork TD_test_fifo.read, S_0081F7E0;
    %join;
    %fork TD_test_fifo.read, S_0081F7E0;
    %join;
    %fork TD_test_fifo.read, S_0081F7E0;
    %join;
    %fork TD_test_fifo.read, S_0081F7E0;
    %join;
    %fork TD_test_fifo.read, S_0081F7E0;
    %join;
    %fork TD_test_fifo.read, S_0081F7E0;
    %join;
    %fork TD_test_fifo.read, S_0081F7E0;
    %join;
    %fork TD_test_fifo.read, S_0081F7E0;
    %join;
    %fork TD_test_fifo.read, S_0081F7E0;
    %join;
    %fork TD_test_fifo.read, S_0081F7E0;
    %join;
    %fork TD_test_fifo.read, S_0081F7E0;
    %join;
    %fork TD_test_fifo.read, S_0081F7E0;
    %join;
    %end;
S_001E8878 .scope task, "rst" "rst" 2 18, 2 18, S_001E8900;
 .timescale -9 -12;
TD_test_fifo.rst ;
    %delay 10000, 0;
    %set/v v0081E7D8_0, 1, 1;
    %vpi_call 2 21 "$display", "reset initialize---------------";
    %delay 20000, 0;
    %set/v v0081E7D8_0, 0, 1;
    %end;
S_001E8328 .scope task, "wr_rd_init" "wr_rd_init" 2 29, 2 29, S_001E8900;
 .timescale -9 -12;
TD_test_fifo.wr_rd_init ;
    %set/v v0081E200_0, 0, 1;
    %set/v v0081E3B8_0, 0, 1;
    %set/v v0081E938_0, 0, 8;
    %vpi_call 2 34 "$display", "write read initialize---------------";
    %end;
S_001E8768 .scope task, "write" "write" 2 39, 2 39, S_001E8900;
 .timescale -9 -12;
v0081E620_0 .var "wdata", 7 0;
TD_test_fifo.write ;
    %wait E_00817710;
    %set/v v0081E200_0, 1, 1;
    %load/v 8, v0081E620_0, 8;
    %set/v v0081E938_0, 8, 8;
    %end;
S_001E8548 .scope task, "write16" "write16" 2 50, 2 50, S_001E8900;
 .timescale -9 -12;
TD_test_fifo.write16 ;
    %set/v v0081E620_0, 1, 8;
    %fork TD_test_fifo.write, S_001E8768;
    %join;
    %movi 8, 254, 8;
    %set/v v0081E620_0, 8, 8;
    %fork TD_test_fifo.write, S_001E8768;
    %join;
    %movi 8, 253, 8;
    %set/v v0081E620_0, 8, 8;
    %fork TD_test_fifo.write, S_001E8768;
    %join;
    %movi 8, 252, 8;
    %set/v v0081E620_0, 8, 8;
    %fork TD_test_fifo.write, S_001E8768;
    %join;
    %movi 8, 251, 8;
    %set/v v0081E620_0, 8, 8;
    %fork TD_test_fifo.write, S_001E8768;
    %join;
    %movi 8, 250, 8;
    %set/v v0081E620_0, 8, 8;
    %fork TD_test_fifo.write, S_001E8768;
    %join;
    %movi 8, 249, 8;
    %set/v v0081E620_0, 8, 8;
    %fork TD_test_fifo.write, S_001E8768;
    %join;
    %movi 8, 248, 8;
    %set/v v0081E620_0, 8, 8;
    %fork TD_test_fifo.write, S_001E8768;
    %join;
    %movi 8, 247, 8;
    %set/v v0081E620_0, 8, 8;
    %fork TD_test_fifo.write, S_001E8768;
    %join;
    %movi 8, 246, 8;
    %set/v v0081E620_0, 8, 8;
    %fork TD_test_fifo.write, S_001E8768;
    %join;
    %movi 8, 245, 8;
    %set/v v0081E620_0, 8, 8;
    %fork TD_test_fifo.write, S_001E8768;
    %join;
    %movi 8, 244, 8;
    %set/v v0081E620_0, 8, 8;
    %fork TD_test_fifo.write, S_001E8768;
    %join;
    %movi 8, 243, 8;
    %set/v v0081E620_0, 8, 8;
    %fork TD_test_fifo.write, S_001E8768;
    %join;
    %movi 8, 242, 8;
    %set/v v0081E620_0, 8, 8;
    %fork TD_test_fifo.write, S_001E8768;
    %join;
    %movi 8, 241, 8;
    %set/v v0081E620_0, 8, 8;
    %fork TD_test_fifo.write, S_001E8768;
    %join;
    %movi 8, 240, 8;
    %set/v v0081E620_0, 8, 8;
    %fork TD_test_fifo.write, S_001E8768;
    %join;
    %movi 8, 17, 8;
    %set/v v0081E620_0, 8, 8;
    %fork TD_test_fifo.write, S_001E8768;
    %join;
    %end;
S_001E7CC8 .scope module, "UUT" "fifo" 2 10, 3 2, S_001E8900;
 .timescale -9 -12;
v008160D0_0 .net *"_s0", 4 0, C4<10000>; 1 drivers
v00828C60_0 .net *"_s10", 4 0, C4<00000>; 1 drivers
v00828CB8_0 .net *"_s12", 0 0, L_0081E410; 1 drivers
v00828D10_0 .net *"_s14", 0 0, C4<1>; 1 drivers
v001EAD48_0 .net *"_s16", 0 0, C4<0>; 1 drivers
v001EADA0_0 .net *"_s2", 0 0, L_0081E5C8; 1 drivers
v001EADF8_0 .net *"_s4", 0 0, C4<1>; 1 drivers
v001ECAA0_0 .net *"_s6", 0 0, C4<0>; 1 drivers
v001ECAF8_0 .var "addr", 4 0;
v0081E468_0 .net "clk", 0 0, v0081E6D0_0; 1 drivers
v0081E258_0 .net "din", 7 0, v0081E938_0; 1 drivers
v0081E728_0 .var "dout", 7 0;
v0081E678_0 .alias "empty", 0 0, v0081E780_0;
v0081E4C0_0 .alias "full", 0 0, v0081E830_0;
v0081E308_0 .var/i "i", 31 0;
v0081E518 .array "mem", 15 0, 7 0;
v0081E570_0 .net "rd_en", 0 0, v0081E3B8_0; 1 drivers
v0081E888_0 .net "reset", 0 0, v0081E7D8_0; 1 drivers
v0081E2B0_0 .net "wr_en", 0 0, v0081E200_0; 1 drivers
E_00817710 .event posedge, v0081E468_0;
L_0081E5C8 .cmp/eq 5, v001ECAF8_0, C4<10000>;
L_0081E8E0 .functor MUXZ 1, C4<0>, C4<1>, L_0081E5C8, C4<>;
L_0081E410 .cmp/eq 5, v001ECAF8_0, C4<00000>;
L_008218E0 .functor MUXZ 1, C4<0>, C4<1>, L_0081E410, C4<>;
    .scope S_001E7CC8;
T_8 ;
    %wait E_00817710;
    %load/v 8, v0081E888_0, 1;
    %jmp/0xz  T_8.0, 8;
    %set/v v001ECAF8_0, 0, 5;
    %set/v v0081E308_0, 0, 32;
T_8.2 ;
    %load/v 8, v0081E308_0, 32;
   %cmpi/s 8, 15, 32;
    %or 5, 4, 1;
    %jmp/0xz T_8.3, 5;
    %ix/getv/s 3, v0081E308_0;
   %jmp/1 t_0, 4;
   %ix/load 1, 0, 0;
   %set/av v0081E518, 0, 8;
t_0 ;
    %ix/load 0, 1, 0;
    %load/vp0/s 8, v0081E308_0, 32;
    %set/v v0081E308_0, 8, 32;
    %jmp T_8.2;
T_8.3 ;
    %jmp T_8.1;
T_8.0 ;
    %load/v 8, v0081E2B0_0, 1;
    %load/v 9, v0081E570_0, 1;
    %or 8, 9, 1;
    %jmp/0xz  T_8.4, 8;
    %load/v 8, v0081E2B0_0, 1;
    %load/v 9, v0081E4C0_0, 1;
    %inv 9, 1;
    %and 8, 9, 1;
    %jmp/0xz  T_8.6, 8;
    %load/v 8, v0081E258_0, 8;
    %ix/getv 3, v001ECAF8_0;
   %jmp/1 t_1, 4;
   %ix/load 1, 0, 0;
   %set/av v0081E518, 8, 8;
t_1 ;
    %load/v 8, v001ECAF8_0, 5;
    %mov 13, 0, 27;
    %addi 8, 1, 32;
    %set/v v001ECAF8_0, 8, 5;
    %jmp T_8.7;
T_8.6 ;
    %load/v 8, v0081E570_0, 1;
    %load/v 9, v0081E678_0, 1;
    %inv 9, 1;
    %and 8, 9, 1;
    %jmp/0xz  T_8.8, 8;
    %ix/load 3, 0, 0;
    %mov 4, 0, 1;
    %load/av 8, v0081E518, 8;
    %set/v v0081E728_0, 8, 8;
    %ix/load 3, 1, 0;
    %mov 4, 0, 1;
    %load/av 8, v0081E518, 8;
   %ix/load 1, 0, 0;
   %ix/load 3, 0, 0;
   %set/av v0081E518, 8, 8;
    %ix/load 3, 2, 0;
    %mov 4, 0, 1;
    %load/av 8, v0081E518, 8;
   %ix/load 1, 0, 0;
   %ix/load 3, 1, 0;
   %set/av v0081E518, 8, 8;
    %ix/load 3, 3, 0;
    %mov 4, 0, 1;
    %load/av 8, v0081E518, 8;
   %ix/load 1, 0, 0;
   %ix/load 3, 2, 0;
   %set/av v0081E518, 8, 8;
    %ix/load 3, 4, 0;
    %mov 4, 0, 1;
    %load/av 8, v0081E518, 8;
   %ix/load 1, 0, 0;
   %ix/load 3, 3, 0;
   %set/av v0081E518, 8, 8;
    %ix/load 3, 5, 0;
    %mov 4, 0, 1;
    %load/av 8, v0081E518, 8;
   %ix/load 1, 0, 0;
   %ix/load 3, 4, 0;
   %set/av v0081E518, 8, 8;
    %ix/load 3, 6, 0;
    %mov 4, 0, 1;
    %load/av 8, v0081E518, 8;
   %ix/load 1, 0, 0;
   %ix/load 3, 5, 0;
   %set/av v0081E518, 8, 8;
    %ix/load 3, 7, 0;
    %mov 4, 0, 1;
    %load/av 8, v0081E518, 8;
   %ix/load 1, 0, 0;
   %ix/load 3, 6, 0;
   %set/av v0081E518, 8, 8;
    %ix/load 3, 8, 0;
    %mov 4, 0, 1;
    %load/av 8, v0081E518, 8;
   %ix/load 1, 0, 0;
   %ix/load 3, 7, 0;
   %set/av v0081E518, 8, 8;
    %ix/load 3, 9, 0;
    %mov 4, 0, 1;
    %load/av 8, v0081E518, 8;
   %ix/load 1, 0, 0;
   %ix/load 3, 8, 0;
   %set/av v0081E518, 8, 8;
    %ix/load 3, 10, 0;
    %mov 4, 0, 1;
    %load/av 8, v0081E518, 8;
   %ix/load 1, 0, 0;
   %ix/load 3, 9, 0;
   %set/av v0081E518, 8, 8;
    %ix/load 3, 11, 0;
    %mov 4, 0, 1;
    %load/av 8, v0081E518, 8;
   %ix/load 1, 0, 0;
   %ix/load 3, 10, 0;
   %set/av v0081E518, 8, 8;
    %ix/load 3, 12, 0;
    %mov 4, 0, 1;
    %load/av 8, v0081E518, 8;
   %ix/load 1, 0, 0;
   %ix/load 3, 11, 0;
   %set/av v0081E518, 8, 8;
    %ix/load 3, 13, 0;
    %mov 4, 0, 1;
    %load/av 8, v0081E518, 8;
   %ix/load 1, 0, 0;
   %ix/load 3, 12, 0;
   %set/av v0081E518, 8, 8;
    %ix/load 3, 14, 0;
    %mov 4, 0, 1;
    %load/av 8, v0081E518, 8;
   %ix/load 1, 0, 0;
   %ix/load 3, 13, 0;
   %set/av v0081E518, 8, 8;
    %ix/load 3, 15, 0;
    %mov 4, 0, 1;
    %load/av 8, v0081E518, 8;
   %ix/load 1, 0, 0;
   %ix/load 3, 14, 0;
   %set/av v0081E518, 8, 8;
   %ix/load 1, 0, 0;
   %ix/load 3, 15, 0;
   %set/av v0081E518, 0, 8;
    %load/v 8, v001ECAF8_0, 5;
    %mov 13, 0, 27;
    %subi 8, 1, 32;
    %set/v v001ECAF8_0, 8, 5;
T_8.8 ;
T_8.7 ;
T_8.4 ;
T_8.1 ;
    %jmp T_8;
    .thread T_8;
    .scope S_001E8900;
T_9 ;
    %set/v v0081E6D0_0, 0, 1;
    %vpi_call 2 14 "$display", "clock initialize---------------";
    %end;
    .thread T_9;
    .scope S_001E8900;
T_10 ;
    %delay 5000, 0;
    %load/v 8, v0081E6D0_0, 1;
    %inv 8, 1;
    %set/v v0081E6D0_0, 8, 1;
    %jmp T_10;
    .thread T_10;
    .scope S_001E8900;
T_11 ;
    %vpi_call 2 110 "$display", "start--- initialize---------------";
    %fork TD_test_fifo.rst, S_001E8878;
    %join;
    %fork TD_test_fifo.wr_rd_init, S_001E8328;
    %join;
    %fork TD_test_fifo.write16, S_001E8548;
    %join;
    %fork TD_test_fifo.endwrite, S_0081EED8;
    %join;
    %delay 2000, 0;
    %fork TD_test_fifo.read16, S_001E84C0;
    %join;
    %delay 10000, 0;
    %fork TD_test_fifo.endread, S_0081EBA8;
    %join;
    %vpi_call 2 118 "$display", "stopped---------------";
    %delay 10000, 0;
    %vpi_call 2 120 "$finish";
    %end;
    .thread T_11;
    .scope S_001E8900;
T_12 ;
    %vpi_call 2 126 "$dumpfile", "dump.vcd";
    %vpi_call 2 127 "$dumpvars", 2'sb01, S_001E8900;
    %end;
    .thread T_12;
# The file index is used to find the file name in the following table.
:file_names 4;
    "N/A";
    "<interactive>";
    "fifo_tb.v";
    "./fifo_block.v";
