#! /c/iverilog/bin/vvp
:ivl_version "0.9.7 " "(v0_9_7)";
:vpi_time_precision + 0;
:vpi_module "system";
:vpi_module "v2005_math";
:vpi_module "va_math";
S_008336D8 .scope module, "and_or_prog_delay" "and_or_prog_delay" 2 1;
 .timescale 0 0;
v00835488_0 .net "A", 1 0, C4<zz>; 0 drivers
v0083EED0_0 .net "B", 1 0, C4<zz>; 0 drivers
v0083EF28_0 .net "C", 1 0, C4<zz>; 0 drivers
v0083EF80_0 .var "D", 0 7;
v008358E8_0 .net "enable", 1 0, C4<zz>; 0 drivers
E_008383C8 .event edge, v00835488_0, v0083EED0_0, v0083EF28_0, v008358E8_0;
    .scope S_008336D8;
T_0 ;
    %wait E_008383C8;
    %load/v 8, v00835488_0, 2;
    %nor/r 8, 8, 2;
    %load/v 9, v0083EED0_0, 2;
    %nor/r 9, 9, 2;
    %and 8, 9, 1;
    %load/v 9, v0083EF28_0, 2;
    %nor/r 9, 9, 2;
    %and 8, 9, 1;
    %load/v 9, v008358E8_0, 2;
    %nor/r 9, 9, 2;
    %and 8, 9, 1;
    %inv 8, 1;
    %ix/load 0, 1, 0;
    %ix/load 1, 7, 0;
    %assign/v0/x1 v0083EF80_0, 0, 8;
    %load/v 8, v00835488_0, 2;
    %nor/r 8, 8, 2;
    %load/v 9, v0083EED0_0, 2;
    %nor/r 9, 9, 2;
    %and 8, 9, 1;
    %load/v 9, v0083EF28_0, 2;
    %cmpi/u 9, 0, 2;
    %inv 4, 1;
    %mov 9, 4, 1;
    %and 8, 9, 1;
    %load/v 9, v008358E8_0, 2;
    %nor/r 9, 9, 2;
    %and 8, 9, 1;
    %inv 8, 1;
    %ix/load 0, 1, 0;
    %ix/load 1, 6, 0;
    %assign/v0/x1 v0083EF80_0, 0, 8;
    %load/v 8, v00835488_0, 2;
    %nor/r 8, 8, 2;
    %load/v 9, v0083EED0_0, 2;
    %cmpi/u 9, 0, 2;
    %inv 4, 1;
    %mov 9, 4, 1;
    %and 8, 9, 1;
    %load/v 9, v0083EF28_0, 2;
    %nor/r 9, 9, 2;
    %and 8, 9, 1;
    %load/v 9, v008358E8_0, 2;
    %nor/r 9, 9, 2;
    %and 8, 9, 1;
    %inv 8, 1;
    %ix/load 0, 1, 0;
    %ix/load 1, 5, 0;
    %assign/v0/x1 v0083EF80_0, 0, 8;
    %load/v 8, v00835488_0, 2;
    %nor/r 8, 8, 2;
    %load/v 9, v0083EED0_0, 2;
    %cmpi/u 9, 0, 2;
    %inv 4, 1;
    %mov 9, 4, 1;
    %and 8, 9, 1;
    %load/v 9, v0083EF28_0, 2;
    %cmpi/u 9, 0, 2;
    %inv 4, 1;
    %mov 9, 4, 1;
    %and 8, 9, 1;
    %load/v 9, v008358E8_0, 2;
    %nor/r 9, 9, 2;
    %and 8, 9, 1;
    %inv 8, 1;
    %ix/load 0, 1, 0;
    %ix/load 1, 4, 0;
    %assign/v0/x1 v0083EF80_0, 0, 8;
    %load/v 8, v00835488_0, 2;
    %cmpi/u 8, 0, 2;
    %inv 4, 1;
    %mov 8, 4, 1;
    %load/v 9, v0083EED0_0, 2;
    %nor/r 9, 9, 2;
    %and 8, 9, 1;
    %load/v 9, v0083EF28_0, 2;
    %nor/r 9, 9, 2;
    %and 8, 9, 1;
    %load/v 9, v008358E8_0, 2;
    %nor/r 9, 9, 2;
    %and 8, 9, 1;
    %inv 8, 1;
    %ix/load 0, 1, 0;
    %ix/load 1, 3, 0;
    %assign/v0/x1 v0083EF80_0, 0, 8;
    %load/v 8, v00835488_0, 2;
    %cmpi/u 8, 0, 2;
    %inv 4, 1;
    %mov 8, 4, 1;
    %load/v 9, v0083EED0_0, 2;
    %nor/r 9, 9, 2;
    %and 8, 9, 1;
    %load/v 9, v0083EF28_0, 2;
    %cmpi/u 9, 0, 2;
    %inv 4, 1;
    %mov 9, 4, 1;
    %and 8, 9, 1;
    %load/v 9, v008358E8_0, 2;
    %nor/r 9, 9, 2;
    %and 8, 9, 1;
    %inv 8, 1;
    %ix/load 0, 1, 0;
    %ix/load 1, 2, 0;
    %assign/v0/x1 v0083EF80_0, 0, 8;
    %load/v 8, v00835488_0, 2;
    %cmpi/u 8, 0, 2;
    %inv 4, 1;
    %mov 8, 4, 1;
    %load/v 9, v0083EED0_0, 2;
    %cmpi/u 9, 0, 2;
    %inv 4, 1;
    %mov 9, 4, 1;
    %and 8, 9, 1;
    %load/v 9, v0083EF28_0, 2;
    %nor/r 9, 9, 2;
    %and 8, 9, 1;
    %load/v 9, v008358E8_0, 2;
    %nor/r 9, 9, 2;
    %and 8, 9, 1;
    %inv 8, 1;
    %ix/load 0, 1, 0;
    %ix/load 1, 1, 0;
    %assign/v0/x1 v0083EF80_0, 0, 8;
    %load/v 8, v00835488_0, 2;
    %cmpi/u 8, 0, 2;
    %inv 4, 1;
    %mov 8, 4, 1;
    %load/v 9, v0083EED0_0, 2;
    %cmpi/u 9, 0, 2;
    %inv 4, 1;
    %mov 9, 4, 1;
    %and 8, 9, 1;
    %load/v 9, v0083EF28_0, 2;
    %cmpi/u 9, 0, 2;
    %inv 4, 1;
    %mov 9, 4, 1;
    %and 8, 9, 1;
    %load/v 9, v008358E8_0, 2;
    %nor/r 9, 9, 2;
    %and 8, 9, 1;
    %inv 8, 1;
    %ix/load 0, 1, 0;
    %ix/load 1, 0, 0;
    %assign/v0/x1 v0083EF80_0, 0, 8;
    %jmp T_0;
    .thread T_0, $push;
# The file index is used to find the file name in the following table.
:file_names 3;
    "N/A";
    "<interactive>";
    "and_or_delay.v";
