#! /c/iverilog/bin/vvp
:ivl_version "0.9.7 " "(v0_9_7)";
:vpi_time_precision + 0;
:vpi_module "system";
:vpi_module "v2005_math";
:vpi_module "va_math";
S_00F32C10 .scope module, "top_level" "top_level" 2 6;
 .timescale 0 0;
S_00F32100 .scope module, "value1" "def_param1" 2 10, 2 1, S_00F32C10;
 .timescale 0 0;
P_0105782C .param/l "x_1" 2 2, +C4<0100>;
S_00F32078 .scope module, "value2" "def_param1" 2 11, 2 1, S_00F32C10;
 .timescale 0 0;
P_0105780C .param/l "x_1" 2 2, +C4<01000>;
    .scope S_00F32100;
T_0 ;
    %vpi_call 2 4 "$display", "Value of X1 = %d", P_0105782C;
    %end;
    .thread T_0;
    .scope S_00F32078;
T_1 ;
    %vpi_call 2 4 "$display", "Value of X1 = %d", P_0105780C;
    %end;
    .thread T_1;
# The file index is used to find the file name in the following table.
:file_names 3;
    "N/A";
    "<interactive>";
    "deparam.v";
