#! /c/iverilog/bin/vvp
:ivl_version "0.9.7 " "(v0_9_7)";
:vpi_time_precision + 0;
:vpi_module "system";
:vpi_module "v2005_math";
:vpi_module "va_math";
S_00F7B240 .scope module, "RCA" "RCA" 2 2;
 .timescale 0 0;
RS_00FB4394 .resolv tri, L_00FB0C30, L_00FB0E40, L_00FDBEF8, C4<zzz>;
v00FB0080_0 .net8 "carry", 2 0, RS_00FB4394; 3 drivers
v00FB0810_0 .net "cin", 0 0, C4<z>; 0 drivers
v00FB0918_0 .net "p", 3 0, C4<zzzz>; 0 drivers
v00FB0C88_0 .net "q", 3 0, C4<zzzz>; 0 drivers
RS_00FB43DC/0/0 .resolv tri, L_00FB0B80, L_00FB0DE8, L_00FDBCE8, L_00FDBAD8;
RS_00FB43DC/0/4 .resolv tri, L_00FDB8C8, C4<zzzzz>, C4<zzzzz>, C4<zzzzz>;
RS_00FB43DC .resolv tri, RS_00FB43DC/0/0, RS_00FB43DC/0/4, C4<zzzzz>, C4<zzzzz>;
v00FB0FF8_0 .net8 "r", 4 0, RS_00FB43DC; 5 drivers
L_00FB0CE0 .part C4<zzzz>, 0, 1;
L_00FB0BD8 .part C4<zzzz>, 0, 1;
L_00FB0B80 .part/pv L_00F71F10, 0, 1, 5;
L_00FB0C30 .part/pv L_00F71F80, 0, 1, 3;
L_00FB0D38 .part C4<zzzz>, 1, 1;
L_00FB0D90 .part C4<zzzz>, 1, 1;
L_00FB0EF0 .part RS_00FB4394, 0, 1;
L_00FB0DE8 .part/pv L_00FB1090, 1, 1, 5;
L_00FB0E40 .part/pv L_00FB1400, 1, 1, 3;
L_00FB0E98 .part C4<zzzz>, 2, 1;
L_00FB0F48 .part C4<zzzz>, 2, 1;
L_00FB0FA0 .part RS_00FB4394, 1, 1;
L_00FDBCE8 .part/pv L_00FB1910, 2, 1, 5;
L_00FDBEF8 .part/pv L_00FB1948, 2, 1, 3;
L_00FDBA28 .part C4<zzzz>, 3, 1;
L_00FDBBE0 .part C4<zzzz>, 3, 1;
L_00FDB500 .part RS_00FB4394, 2, 1;
L_00FDBAD8 .part/pv L_00FB17F8, 3, 1, 5;
L_00FDB8C8 .part/pv L_00FB1B08, 4, 1, 5;
S_00F7B460 .scope module, "ff1" "full_adder" 2 7, 3 1, S_00F7B240;
 .timescale 0 0;
L_00F71ED8 .functor XOR 1, L_00FB0CE0, L_00FB0BD8, C4<0>, C4<0>;
L_00F71F10 .functor XOR 1, L_00F71ED8, C4<z>, C4<0>, C4<0>;
L_00F71FB8 .functor AND 1, L_00FB0CE0, L_00FB0BD8, C4<1>, C4<1>;
L_00FB2BA0 .functor AND 1, L_00FB0BD8, C4<z>, C4<1>, C4<1>;
L_00FB2BD8 .functor OR 1, L_00F71FB8, L_00FB2BA0, C4<0>, C4<0>;
L_00FB2C80 .functor AND 1, L_00FB0CE0, C4<z>, C4<1>, C4<1>;
L_00F71F80 .functor OR 1, L_00FB2BD8, L_00FB2C80, C4<0>, C4<0>;
v00FB0B28_0 .net *"_s0", 0 0, L_00F71ED8; 1 drivers
v00FB09C8_0 .net *"_s10", 0 0, L_00FB2C80; 1 drivers
v00FB0708_0 .net *"_s4", 0 0, L_00F71FB8; 1 drivers
v00FB0550_0 .net *"_s6", 0 0, L_00FB2BA0; 1 drivers
v00FB03F0_0 .net *"_s8", 0 0, L_00FB2BD8; 1 drivers
v00FB05A8_0 .net "a", 0 0, L_00FB0CE0; 1 drivers
v00FB0600_0 .net "b", 0 0, L_00FB0BD8; 1 drivers
v00FB0AD0_0 .alias "cin", 0 0, v00FB0810_0;
v00FB0658_0 .net "cout", 0 0, L_00F71F80; 1 drivers
v00FB07B8_0 .net "sum", 0 0, L_00F71F10; 1 drivers
S_00F7B350 .scope module, "ff2" "full_adder" 2 8, 3 1, S_00F7B240;
 .timescale 0 0;
L_00FB1058 .functor XOR 1, L_00FB0D38, L_00FB0D90, C4<0>, C4<0>;
L_00FB1090 .functor XOR 1, L_00FB1058, L_00FB0EF0, C4<0>, C4<0>;
L_00FB13C8 .functor AND 1, L_00FB0D38, L_00FB0D90, C4<1>, C4<1>;
L_00FB12E8 .functor AND 1, L_00FB0D90, L_00FB0EF0, C4<1>, C4<1>;
L_00FB12B0 .functor OR 1, L_00FB13C8, L_00FB12E8, C4<0>, C4<0>;
L_00FB1390 .functor AND 1, L_00FB0D38, L_00FB0EF0, C4<1>, C4<1>;
L_00FB1400 .functor OR 1, L_00FB12B0, L_00FB1390, C4<0>, C4<0>;
v00FB0290_0 .net *"_s0", 0 0, L_00FB1058; 1 drivers
v00FB02E8_0 .net *"_s10", 0 0, L_00FB1390; 1 drivers
v00FB04F8_0 .net *"_s4", 0 0, L_00FB13C8; 1 drivers
v00FB0868_0 .net *"_s6", 0 0, L_00FB12E8; 1 drivers
v00FB0760_0 .net *"_s8", 0 0, L_00FB12B0; 1 drivers
v00FB0448_0 .net "a", 0 0, L_00FB0D38; 1 drivers
v00FB0340_0 .net "b", 0 0, L_00FB0D90; 1 drivers
v00FB04A0_0 .net "cin", 0 0, L_00FB0EF0; 1 drivers
v00FB0A78_0 .net "cout", 0 0, L_00FB1400; 1 drivers
v00FB0398_0 .net "sum", 0 0, L_00FB1090; 1 drivers
S_00F7AE88 .scope module, "ff3" "full_adder" 2 9, 3 1, S_00F7B240;
 .timescale 0 0;
L_00FB1278 .functor XOR 1, L_00FB0E98, L_00FB0F48, C4<0>, C4<0>;
L_00FB1910 .functor XOR 1, L_00FB1278, L_00FB0FA0, C4<0>, C4<0>;
L_00FB1830 .functor AND 1, L_00FB0E98, L_00FB0F48, C4<1>, C4<1>;
L_00FB1B40 .functor AND 1, L_00FB0F48, L_00FB0FA0, C4<1>, C4<1>;
L_00FB19B8 .functor OR 1, L_00FB1830, L_00FB1B40, C4<0>, C4<0>;
L_00FB17C0 .functor AND 1, L_00FB0E98, L_00FB0FA0, C4<1>, C4<1>;
L_00FB1948 .functor OR 1, L_00FB19B8, L_00FB17C0, C4<0>, C4<0>;
v00F7CF00_0 .net *"_s0", 0 0, L_00FB1278; 1 drivers
v00FB0188_0 .net *"_s10", 0 0, L_00FB17C0; 1 drivers
v00FB0130_0 .net *"_s4", 0 0, L_00FB1830; 1 drivers
v00FB01E0_0 .net *"_s6", 0 0, L_00FB1B40; 1 drivers
v00FB00D8_0 .net *"_s8", 0 0, L_00FB19B8; 1 drivers
v00FB08C0_0 .net "a", 0 0, L_00FB0E98; 1 drivers
v00FB0970_0 .net "b", 0 0, L_00FB0F48; 1 drivers
v00FB0A20_0 .net "cin", 0 0, L_00FB0FA0; 1 drivers
v00FB0238_0 .net "cout", 0 0, L_00FB1948; 1 drivers
v00FB06B0_0 .net "sum", 0 0, L_00FB1910; 1 drivers
S_00F7AB58 .scope module, "ff4" "full_adder" 2 10, 3 1, S_00F7B240;
 .timescale 0 0;
L_00FB1638 .functor XOR 1, L_00FDBA28, L_00FDBBE0, C4<0>, C4<0>;
L_00FB17F8 .functor XOR 1, L_00FB1638, L_00FDB500, C4<0>, C4<0>;
L_00FB1C20 .functor AND 1, L_00FDBA28, L_00FDBBE0, C4<1>, C4<1>;
L_00FB1BB0 .functor AND 1, L_00FDBBE0, L_00FDB500, C4<1>, C4<1>;
L_00FB1A28 .functor OR 1, L_00FB1C20, L_00FB1BB0, C4<0>, C4<0>;
L_00FB1CC8 .functor AND 1, L_00FDBA28, L_00FDB500, C4<1>, C4<1>;
L_00FB1B08 .functor OR 1, L_00FB1A28, L_00FB1CC8, C4<0>, C4<0>;
v00F7D1C0_0 .net *"_s0", 0 0, L_00FB1638; 1 drivers
v00F7D3D0_0 .net *"_s10", 0 0, L_00FB1CC8; 1 drivers
v00F7D060_0 .net *"_s4", 0 0, L_00FB1C20; 1 drivers
v00F7D270_0 .net *"_s6", 0 0, L_00FB1BB0; 1 drivers
v00F7D4D8_0 .net *"_s8", 0 0, L_00FB1A28; 1 drivers
v00F7D168_0 .net "a", 0 0, L_00FDBA28; 1 drivers
v00F7D2C8_0 .net "b", 0 0, L_00FDBBE0; 1 drivers
v00F7D530_0 .net "cin", 0 0, L_00FDB500; 1 drivers
v00F7CE50_0 .net "cout", 0 0, L_00FB1B08; 1 drivers
v00F7CEA8_0 .net "sum", 0 0, L_00FB17F8; 1 drivers
# The file index is used to find the file name in the following table.
:file_names 4;
    "N/A";
    "<interactive>";
    "RCA.v";
    "./Full_adder.v";
