#! /c/iverilog/bin/vvp
:ivl_version "0.9.7 " "(v0_9_7)";
:vpi_time_precision + 0;
:vpi_module "system";
:vpi_module "v2005_math";
:vpi_module "va_math";
S_011236D8 .scope module, "repeat_exm" "repeat_exm" 2 1;
 .timescale 0 0;
v01012E88_0 .var/i "count", 31 0;
    .scope S_011236D8;
T_0 ;
    %set/v v01012E88_0, 0, 32;
    %movi 8, 16, 6;
T_0.0 %cmp/s 0, 8, 6;
    %jmp/0xz T_0.1, 5;
    %add 8, 1, 6;
    %vpi_call 2 7 "$display", "Count = %d", v01012E88_0;
    %load/v 14, v01012E88_0, 32;
    %mov 46, 45, 1;
    %addi 14, 1, 33;
    %set/v v01012E88_0, 14, 32;
    %jmp T_0.0;
T_0.1 ;
    %end;
    .thread T_0;
# The file index is used to find the file name in the following table.
:file_names 3;
    "N/A";
    "<interactive>";
    "repeat.v";
