#! /c/iverilog/bin/vvp
:ivl_version "0.9.7 " "(v0_9_7)";
:vpi_time_precision + 0;
:vpi_module "system";
:vpi_module "v2005_math";
:vpi_module "va_math";
S_00843020 .scope module, "repeat_exm" "repeat_exm" 2 1;
 .timescale 0 0;
v008430A8_0 .var/i "count", 31 0;
    .scope S_00843020;
T_0 ;
    %set/v v008430A8_0, 0, 32;
T_0.0 ;
    %load/v 8, v008430A8_0, 32;
   %cmpi/s 8, 16, 32;
    %or 5, 4, 1;
    %jmp/0xz T_0.1, 5;
    %vpi_call 2 7 "$display", "Count = %d", v008430A8_0;
    %load/v 8, v008430A8_0, 32;
    %mov 40, 39, 1;
    %addi 8, 1, 33;
    %set/v v008430A8_0, 8, 32;
    %jmp T_0.0;
T_0.1 ;
    %end;
    .thread T_0;
# The file index is used to find the file name in the following table.
:file_names 3;
    "N/A";
    "<interactive>";
    "while.v";
