#! /c/iverilog/bin/vvp
:ivl_version "0.9.7 " "(v0_9_7)";
:vpi_time_precision + 0;
:vpi_module "system";
:vpi_module "v2005_math";
:vpi_module "va_math";
S_00FFA208 .scope module, "controller" "controller" 2 13;
 .timescale 0 0;
v00FF3650_0 .net "AO", 0 0, C4<z>; 0 drivers
v00FF36A8_0 .var "Shift_A", 0 0;
v00FF3700_0 .net "clk", 0 0, C4<z>; 0 drivers
v00FFE1F0_0 .var "clr_P", 0 0;
v00FFE248_0 .var "current", 3 0;
v00FFE2A0_0 .var "done", 0 0;
v00FFE2F8_0 .var "load_A", 0 0;
v00FFE350_0 .var "load_B", 0 0;
v00FFE3A8_0 .var "load_P", 0 0;
v00FFE400_0 .var "lsb_out", 0 0;
v00FFE458_0 .var "msb_out", 0 0;
v00FFE4B0_0 .var "sel_sum", 0 0;
v00FFE508_0 .net "start", 0 0, C4<z>; 0 drivers
E_00FFC0D0 .event posedge, v00FF3700_0;
    .scope S_00FFA208;
T_0 ;
    %wait E_00FFC0D0;
    %set/v v00FFE1F0_0, 0, 1;
    %set/v v00FFE3A8_0, 0, 1;
    %set/v v00FFE350_0, 0, 1;
    %set/v v00FFE458_0, 0, 1;
    %set/v v00FFE400_0, 0, 1;
    %set/v v00FFE4B0_0, 0, 1;
    %set/v v00FFE2F8_0, 0, 1;
    %set/v v00FF36A8_0, 0, 1;
    %set/v v00FFE2A0_0, 0, 1;
    %load/v 8, v00FFE248_0, 4;
    %cmpi/u 8, 0, 4;
    %jmp/1 T_0.0, 6;
    %cmpi/u 8, 1, 4;
    %jmp/1 T_0.1, 6;
    %cmpi/u 8, 2, 4;
    %jmp/1 T_0.2, 6;
    %cmpi/u 8, 3, 4;
    %jmp/1 T_0.3, 6;
    %cmpi/u 8, 4, 4;
    %jmp/1 T_0.4, 6;
    %cmpi/u 8, 5, 4;
    %jmp/1 T_0.5, 6;
    %cmpi/u 8, 6, 4;
    %jmp/1 T_0.6, 6;
    %cmpi/u 8, 7, 4;
    %jmp/1 T_0.7, 6;
    %cmpi/u 8, 7, 4;
    %jmp/1 T_0.8, 6;
    %cmpi/u 8, 8, 4;
    %jmp/1 T_0.9, 6;
    %cmpi/u 8, 9, 4;
    %jmp/1 T_0.10, 6;
    %cmpi/u 8, 10, 4;
    %jmp/1 T_0.11, 6;
    %cmpi/u 8, 11, 4;
    %jmp/1 T_0.12, 6;
    %ix/load 0, 4, 0;
    %assign/v0 v00FFE248_0, 0, 0;
    %jmp T_0.14;
T_0.0 ;
    %load/v 8, v00FFE508_0, 1;
    %inv 8, 1;
    %jmp/0xz  T_0.15, 8;
    %ix/load 0, 4, 0;
    %assign/v0 v00FFE248_0, 0, 0;
    %set/v v00FFE2A0_0, 1, 1;
    %jmp T_0.16;
T_0.15 ;
    %movi 8, 1, 4;
    %ix/load 0, 4, 0;
    %assign/v0 v00FFE248_0, 0, 8;
    %set/v v00FFE2F8_0, 1, 1;
    %set/v v00FFE1F0_0, 1, 1;
    %set/v v00FFE3A8_0, 1, 1;
T_0.16 ;
    %jmp T_0.14;
T_0.1 ;
    %movi 8, 2, 4;
    %ix/load 0, 4, 0;
    %assign/v0 v00FFE248_0, 0, 8;
    %set/v v00FFE350_0, 1, 1;
    %jmp T_0.14;
T_0.2 ;
    %load/v 8, v00FFE248_0, 4;
    %mov 12, 0, 28;
    %addi 8, 1, 32;
    %ix/load 0, 4, 0;
    %assign/v0 v00FFE248_0, 0, 8;
    %set/v v00FF36A8_0, 1, 1;
    %set/v v00FFE3A8_0, 1, 1;
    %load/v 8, v00FF3650_0, 1;
    %jmp/0xz  T_0.17, 8;
    %set/v v00FFE4B0_0, 1, 1;
T_0.17 ;
    %jmp T_0.14;
T_0.3 ;
    %load/v 8, v00FFE248_0, 4;
    %mov 12, 0, 28;
    %addi 8, 1, 32;
    %ix/load 0, 4, 0;
    %assign/v0 v00FFE248_0, 0, 8;
    %set/v v00FF36A8_0, 1, 1;
    %set/v v00FFE3A8_0, 1, 1;
    %load/v 8, v00FF3650_0, 1;
    %jmp/0xz  T_0.19, 8;
    %set/v v00FFE4B0_0, 1, 1;
T_0.19 ;
    %jmp T_0.14;
T_0.4 ;
    %load/v 8, v00FFE248_0, 4;
    %mov 12, 0, 28;
    %addi 8, 1, 32;
    %ix/load 0, 4, 0;
    %assign/v0 v00FFE248_0, 0, 8;
    %set/v v00FF36A8_0, 1, 1;
    %set/v v00FFE3A8_0, 1, 1;
    %load/v 8, v00FF3650_0, 1;
    %jmp/0xz  T_0.21, 8;
    %set/v v00FFE4B0_0, 1, 1;
T_0.21 ;
    %jmp T_0.14;
T_0.5 ;
    %load/v 8, v00FFE248_0, 4;
    %mov 12, 0, 28;
    %addi 8, 1, 32;
    %ix/load 0, 4, 0;
    %assign/v0 v00FFE248_0, 0, 8;
    %set/v v00FF36A8_0, 1, 1;
    %set/v v00FFE3A8_0, 1, 1;
    %load/v 8, v00FF3650_0, 1;
    %jmp/0xz  T_0.23, 8;
    %set/v v00FFE4B0_0, 1, 1;
T_0.23 ;
    %jmp T_0.14;
T_0.6 ;
    %load/v 8, v00FFE248_0, 4;
    %mov 12, 0, 28;
    %addi 8, 1, 32;
    %ix/load 0, 4, 0;
    %assign/v0 v00FFE248_0, 0, 8;
    %set/v v00FF36A8_0, 1, 1;
    %set/v v00FFE3A8_0, 1, 1;
    %load/v 8, v00FF3650_0, 1;
    %jmp/0xz  T_0.25, 8;
    %set/v v00FFE4B0_0, 1, 1;
T_0.25 ;
    %jmp T_0.14;
T_0.7 ;
    %load/v 8, v00FFE248_0, 4;
    %mov 12, 0, 28;
    %addi 8, 1, 32;
    %ix/load 0, 4, 0;
    %assign/v0 v00FFE248_0, 0, 8;
    %set/v v00FF36A8_0, 1, 1;
    %set/v v00FFE3A8_0, 1, 1;
    %load/v 8, v00FF3650_0, 1;
    %jmp/0xz  T_0.27, 8;
    %set/v v00FFE4B0_0, 1, 1;
T_0.27 ;
    %jmp T_0.14;
T_0.8 ;
    %load/v 8, v00FFE248_0, 4;
    %mov 12, 0, 28;
    %addi 8, 1, 32;
    %ix/load 0, 4, 0;
    %assign/v0 v00FFE248_0, 0, 8;
    %set/v v00FF36A8_0, 1, 1;
    %set/v v00FFE3A8_0, 1, 1;
    %load/v 8, v00FF3650_0, 1;
    %jmp/0xz  T_0.29, 8;
    %set/v v00FFE4B0_0, 1, 1;
T_0.29 ;
    %jmp T_0.14;
T_0.9 ;
    %load/v 8, v00FFE248_0, 4;
    %mov 12, 0, 28;
    %addi 8, 1, 32;
    %ix/load 0, 4, 0;
    %assign/v0 v00FFE248_0, 0, 8;
    %set/v v00FF36A8_0, 1, 1;
    %set/v v00FFE3A8_0, 1, 1;
    %load/v 8, v00FF3650_0, 1;
    %jmp/0xz  T_0.31, 8;
    %set/v v00FFE4B0_0, 1, 1;
T_0.31 ;
    %jmp T_0.14;
T_0.10 ;
    %load/v 8, v00FFE248_0, 4;
    %mov 12, 0, 28;
    %addi 8, 1, 32;
    %ix/load 0, 4, 0;
    %assign/v0 v00FFE248_0, 0, 8;
    %set/v v00FF36A8_0, 1, 1;
    %set/v v00FFE3A8_0, 1, 1;
    %load/v 8, v00FF3650_0, 1;
    %jmp/0xz  T_0.33, 8;
    %set/v v00FFE4B0_0, 1, 1;
T_0.33 ;
    %jmp T_0.14;
T_0.11 ;
    %movi 8, 11, 4;
    %ix/load 0, 4, 0;
    %assign/v0 v00FFE248_0, 0, 8;
    %set/v v00FFE400_0, 1, 1;
    %jmp T_0.14;
T_0.12 ;
    %ix/load 0, 4, 0;
    %assign/v0 v00FFE248_0, 0, 0;
    %set/v v00FFE458_0, 1, 1;
    %jmp T_0.14;
T_0.14 ;
    %jmp T_0;
    .thread T_0;
# The file index is used to find the file name in the following table.
:file_names 3;
    "N/A";
    "<interactive>";
    "Controller.v";
