#! /c/iverilog/bin/vvp
:ivl_version "0.9.7 " "(v0_9_7)";
:vpi_time_precision + 0;
:vpi_module "system";
:vpi_module "v2005_math";
:vpi_module "va_math";
S_008B36D0 .scope module, "mux_4x1" "mux_4x1" 2 1;
 .timescale 0 0;
v01013E20_0 .var "f", 0 0;
v008B4E78_0 .net "s", 1 0, C4<zz>; 0 drivers
v008B4ED0_0 .net "w", 0 3, C4<zzzz>; 0 drivers
E_008B75F0 .event edge, v008B4E78_0, v008B4ED0_0;
    .scope S_008B36D0;
T_0 ;
    %wait E_008B75F0;
    %load/v 8, v008B4E78_0, 2;
    %cmpi/u 8, 0, 2;
    %jmp/1 T_0.0, 6;
    %cmpi/u 8, 1, 2;
    %jmp/1 T_0.1, 6;
    %cmpi/u 8, 2, 2;
    %jmp/1 T_0.2, 6;
    %cmpi/u 8, 3, 2;
    %jmp/1 T_0.3, 6;
    %jmp T_0.4;
T_0.0 ;
    %ix/load 1, 3, 0;
    %mov 4, 0, 1;
    %jmp/1 T_0.5, 4;
    %load/x1p 8, v008B4ED0_0, 1;
    %jmp T_0.6;
T_0.5 ;
    %mov 8, 2, 1;
T_0.6 ;
; Save base=8 wid=1 in lookaside.
    %set/v v01013E20_0, 8, 1;
    %jmp T_0.4;
T_0.1 ;
    %ix/load 1, 2, 0;
    %mov 4, 0, 1;
    %jmp/1 T_0.7, 4;
    %load/x1p 8, v008B4ED0_0, 1;
    %jmp T_0.8;
T_0.7 ;
    %mov 8, 2, 1;
T_0.8 ;
; Save base=8 wid=1 in lookaside.
    %set/v v01013E20_0, 8, 1;
    %jmp T_0.4;
T_0.2 ;
    %ix/load 1, 1, 0;
    %mov 4, 0, 1;
    %jmp/1 T_0.9, 4;
    %load/x1p 8, v008B4ED0_0, 1;
    %jmp T_0.10;
T_0.9 ;
    %mov 8, 2, 1;
T_0.10 ;
; Save base=8 wid=1 in lookaside.
    %set/v v01013E20_0, 8, 1;
    %jmp T_0.4;
T_0.3 ;
    %load/v 8, v008B4ED0_0, 1; Only need 1 of 4 bits
; Save base=8 wid=1 in lookaside.
    %set/v v01013E20_0, 8, 1;
    %jmp T_0.4;
T_0.4 ;
    %jmp T_0;
    .thread T_0, $push;
# The file index is used to find the file name in the following table.
:file_names 3;
    "N/A";
    "<interactive>";
    "mux1.v";
