#! /c/iverilog/bin/vvp
:ivl_version "0.9.7 " "(v0_9_7)";
:vpi_time_precision + 0;
:vpi_module "system";
:vpi_module "v2005_math";
:vpi_module "va_math";
S_00158D58 .scope module, "mux_16x1" "mux_16x1" 2 2;
 .timescale 0 0;
RS_00FB3FF4 .resolv tri, L_00FAF518, L_00FAF048, L_00FAF620, L_00FAF6D0;
v0015E950_0 .net8 "M", 0 3, RS_00FB3FF4; 4 drivers
v0015E9A8_0 .net "f", 0 0, v00153648_0; 1 drivers
v00FAF468_0 .net "s", 3 0, C4<zzzz>; 0 drivers
v00FAF4C0_0 .net "w", 0 15, C4<zzzzzzzzzzzzzzzz>; 0 drivers
L_00FAF1A8 .part C4<zzzzzzzzzzzzzzzz>, 12, 4;
L_00FAF200 .part C4<zzzz>, 0, 2;
L_00FAF518 .part/pv v0015E848_0, 3, 1, 4;
L_00FAF678 .part C4<zzzzzzzzzzzzzzzz>, 8, 4;
L_00FAF5C8 .part C4<zzzz>, 0, 2;
L_00FAF048 .part/pv v0015E338_0, 2, 1, 4;
L_00FAF360 .part C4<zzzzzzzzzzzzzzzz>, 4, 4;
L_00FAF570 .part C4<zzzz>, 0, 2;
L_00FAF620 .part/pv v0015E230_0, 1, 1, 4;
L_00FAF258 .part C4<zzzzzzzzzzzzzzzz>, 0, 4;
L_00FAF2B0 .part C4<zzzz>, 0, 2;
L_00FAF6D0 .part/pv v00FB2DC8_0, 0, 1, 4;
L_00FAF728 .part C4<zzzz>, 2, 2;
S_00158E68 .scope module, "mux1" "mux_4x1" 2 7, 3 1, S_00158D58;
 .timescale 0 0;
v0015E848_0 .var "f", 0 0;
v0015E8A0_0 .net "s", 1 0, L_00FAF200; 1 drivers
v0015E8F8_0 .net "w", 0 3, L_00FAF1A8; 1 drivers
E_0015A988 .event edge, v0015E8A0_0, v0015E8F8_0;
S_00158DE0 .scope module, "mux2" "mux_4x1" 2 8, 3 1, S_00158D58;
 .timescale 0 0;
v0015E338_0 .var "f", 0 0;
v0015E390_0 .net "s", 1 0, L_00FAF5C8; 1 drivers
v0015E7F0_0 .net "w", 0 3, L_00FAF678; 1 drivers
E_0015AB68 .event edge, v0015E390_0, v0015E7F0_0;
S_001586F8 .scope module, "mux3" "mux_4x1" 2 9, 3 1, S_00158D58;
 .timescale 0 0;
v0015E230_0 .var "f", 0 0;
v0015E288_0 .net "s", 1 0, L_00FAF570; 1 drivers
v0015E2E0_0 .net "w", 0 3, L_00FAF360; 1 drivers
E_0015AAC8 .event edge, v0015E288_0, v0015E2E0_0;
S_00159110 .scope module, "mux4" "mux_4x1" 2 10, 3 1, S_00158D58;
 .timescale 0 0;
v00FB2DC8_0 .var "f", 0 0;
v00FB2E20_0 .net "s", 1 0, L_00FAF2B0; 1 drivers
v00FB2E78_0 .net "w", 0 3, L_00FAF258; 1 drivers
E_0015A8C8 .event edge, v00FB2E20_0, v00FB2E78_0;
S_00158F78 .scope module, "mux5" "mux_4x1" 2 11, 3 1, S_00158D58;
 .timescale 0 0;
v00153648_0 .var "f", 0 0;
v001536A0_0 .net "s", 1 0, L_00FAF728; 1 drivers
v001536F8_0 .alias "w", 0 3, v0015E950_0;
E_0015AAE8 .event edge, v001536A0_0, v001536F8_0;
    .scope S_00158E68;
T_0 ;
    %wait E_0015A988;
    %load/v 8, v0015E8A0_0, 2;
    %cmpi/u 8, 0, 2;
    %jmp/1 T_0.0, 6;
    %cmpi/u 8, 1, 2;
    %jmp/1 T_0.1, 6;
    %cmpi/u 8, 2, 2;
    %jmp/1 T_0.2, 6;
    %cmpi/u 8, 3, 2;
    %jmp/1 T_0.3, 6;
    %jmp T_0.4;
T_0.0 ;
    %ix/load 1, 3, 0;
    %mov 4, 0, 1;
    %jmp/1 T_0.5, 4;
    %load/x1p 8, v0015E8F8_0, 1;
    %jmp T_0.6;
T_0.5 ;
    %mov 8, 2, 1;
T_0.6 ;
; Save base=8 wid=1 in lookaside.
    %set/v v0015E848_0, 8, 1;
    %jmp T_0.4;
T_0.1 ;
    %ix/load 1, 2, 0;
    %mov 4, 0, 1;
    %jmp/1 T_0.7, 4;
    %load/x1p 8, v0015E8F8_0, 1;
    %jmp T_0.8;
T_0.7 ;
    %mov 8, 2, 1;
T_0.8 ;
; Save base=8 wid=1 in lookaside.
    %set/v v0015E848_0, 8, 1;
    %jmp T_0.4;
T_0.2 ;
    %ix/load 1, 1, 0;
    %mov 4, 0, 1;
    %jmp/1 T_0.9, 4;
    %load/x1p 8, v0015E8F8_0, 1;
    %jmp T_0.10;
T_0.9 ;
    %mov 8, 2, 1;
T_0.10 ;
; Save base=8 wid=1 in lookaside.
    %set/v v0015E848_0, 8, 1;
    %jmp T_0.4;
T_0.3 ;
    %load/v 8, v0015E8F8_0, 1; Only need 1 of 4 bits
; Save base=8 wid=1 in lookaside.
    %set/v v0015E848_0, 8, 1;
    %jmp T_0.4;
T_0.4 ;
    %jmp T_0;
    .thread T_0, $push;
    .scope S_00158DE0;
T_1 ;
    %wait E_0015AB68;
    %load/v 8, v0015E390_0, 2;
    %cmpi/u 8, 0, 2;
    %jmp/1 T_1.0, 6;
    %cmpi/u 8, 1, 2;
    %jmp/1 T_1.1, 6;
    %cmpi/u 8, 2, 2;
    %jmp/1 T_1.2, 6;
    %cmpi/u 8, 3, 2;
    %jmp/1 T_1.3, 6;
    %jmp T_1.4;
T_1.0 ;
    %ix/load 1, 3, 0;
    %mov 4, 0, 1;
    %jmp/1 T_1.5, 4;
    %load/x1p 8, v0015E7F0_0, 1;
    %jmp T_1.6;
T_1.5 ;
    %mov 8, 2, 1;
T_1.6 ;
; Save base=8 wid=1 in lookaside.
    %set/v v0015E338_0, 8, 1;
    %jmp T_1.4;
T_1.1 ;
    %ix/load 1, 2, 0;
    %mov 4, 0, 1;
    %jmp/1 T_1.7, 4;
    %load/x1p 8, v0015E7F0_0, 1;
    %jmp T_1.8;
T_1.7 ;
    %mov 8, 2, 1;
T_1.8 ;
; Save base=8 wid=1 in lookaside.
    %set/v v0015E338_0, 8, 1;
    %jmp T_1.4;
T_1.2 ;
    %ix/load 1, 1, 0;
    %mov 4, 0, 1;
    %jmp/1 T_1.9, 4;
    %load/x1p 8, v0015E7F0_0, 1;
    %jmp T_1.10;
T_1.9 ;
    %mov 8, 2, 1;
T_1.10 ;
; Save base=8 wid=1 in lookaside.
    %set/v v0015E338_0, 8, 1;
    %jmp T_1.4;
T_1.3 ;
    %load/v 8, v0015E7F0_0, 1; Only need 1 of 4 bits
; Save base=8 wid=1 in lookaside.
    %set/v v0015E338_0, 8, 1;
    %jmp T_1.4;
T_1.4 ;
    %jmp T_1;
    .thread T_1, $push;
    .scope S_001586F8;
T_2 ;
    %wait E_0015AAC8;
    %load/v 8, v0015E288_0, 2;
    %cmpi/u 8, 0, 2;
    %jmp/1 T_2.0, 6;
    %cmpi/u 8, 1, 2;
    %jmp/1 T_2.1, 6;
    %cmpi/u 8, 2, 2;
    %jmp/1 T_2.2, 6;
    %cmpi/u 8, 3, 2;
    %jmp/1 T_2.3, 6;
    %jmp T_2.4;
T_2.0 ;
    %ix/load 1, 3, 0;
    %mov 4, 0, 1;
    %jmp/1 T_2.5, 4;
    %load/x1p 8, v0015E2E0_0, 1;
    %jmp T_2.6;
T_2.5 ;
    %mov 8, 2, 1;
T_2.6 ;
; Save base=8 wid=1 in lookaside.
    %set/v v0015E230_0, 8, 1;
    %jmp T_2.4;
T_2.1 ;
    %ix/load 1, 2, 0;
    %mov 4, 0, 1;
    %jmp/1 T_2.7, 4;
    %load/x1p 8, v0015E2E0_0, 1;
    %jmp T_2.8;
T_2.7 ;
    %mov 8, 2, 1;
T_2.8 ;
; Save base=8 wid=1 in lookaside.
    %set/v v0015E230_0, 8, 1;
    %jmp T_2.4;
T_2.2 ;
    %ix/load 1, 1, 0;
    %mov 4, 0, 1;
    %jmp/1 T_2.9, 4;
    %load/x1p 8, v0015E2E0_0, 1;
    %jmp T_2.10;
T_2.9 ;
    %mov 8, 2, 1;
T_2.10 ;
; Save base=8 wid=1 in lookaside.
    %set/v v0015E230_0, 8, 1;
    %jmp T_2.4;
T_2.3 ;
    %load/v 8, v0015E2E0_0, 1; Only need 1 of 4 bits
; Save base=8 wid=1 in lookaside.
    %set/v v0015E230_0, 8, 1;
    %jmp T_2.4;
T_2.4 ;
    %jmp T_2;
    .thread T_2, $push;
    .scope S_00159110;
T_3 ;
    %wait E_0015A8C8;
    %load/v 8, v00FB2E20_0, 2;
    %cmpi/u 8, 0, 2;
    %jmp/1 T_3.0, 6;
    %cmpi/u 8, 1, 2;
    %jmp/1 T_3.1, 6;
    %cmpi/u 8, 2, 2;
    %jmp/1 T_3.2, 6;
    %cmpi/u 8, 3, 2;
    %jmp/1 T_3.3, 6;
    %jmp T_3.4;
T_3.0 ;
    %ix/load 1, 3, 0;
    %mov 4, 0, 1;
    %jmp/1 T_3.5, 4;
    %load/x1p 8, v00FB2E78_0, 1;
    %jmp T_3.6;
T_3.5 ;
    %mov 8, 2, 1;
T_3.6 ;
; Save base=8 wid=1 in lookaside.
    %set/v v00FB2DC8_0, 8, 1;
    %jmp T_3.4;
T_3.1 ;
    %ix/load 1, 2, 0;
    %mov 4, 0, 1;
    %jmp/1 T_3.7, 4;
    %load/x1p 8, v00FB2E78_0, 1;
    %jmp T_3.8;
T_3.7 ;
    %mov 8, 2, 1;
T_3.8 ;
; Save base=8 wid=1 in lookaside.
    %set/v v00FB2DC8_0, 8, 1;
    %jmp T_3.4;
T_3.2 ;
    %ix/load 1, 1, 0;
    %mov 4, 0, 1;
    %jmp/1 T_3.9, 4;
    %load/x1p 8, v00FB2E78_0, 1;
    %jmp T_3.10;
T_3.9 ;
    %mov 8, 2, 1;
T_3.10 ;
; Save base=8 wid=1 in lookaside.
    %set/v v00FB2DC8_0, 8, 1;
    %jmp T_3.4;
T_3.3 ;
    %load/v 8, v00FB2E78_0, 1; Only need 1 of 4 bits
; Save base=8 wid=1 in lookaside.
    %set/v v00FB2DC8_0, 8, 1;
    %jmp T_3.4;
T_3.4 ;
    %jmp T_3;
    .thread T_3, $push;
    .scope S_00158F78;
T_4 ;
    %wait E_0015AAE8;
    %load/v 8, v001536A0_0, 2;
    %cmpi/u 8, 0, 2;
    %jmp/1 T_4.0, 6;
    %cmpi/u 8, 1, 2;
    %jmp/1 T_4.1, 6;
    %cmpi/u 8, 2, 2;
    %jmp/1 T_4.2, 6;
    %cmpi/u 8, 3, 2;
    %jmp/1 T_4.3, 6;
    %jmp T_4.4;
T_4.0 ;
    %ix/load 1, 3, 0;
    %mov 4, 0, 1;
    %jmp/1 T_4.5, 4;
    %load/x1p 8, v001536F8_0, 1;
    %jmp T_4.6;
T_4.5 ;
    %mov 8, 2, 1;
T_4.6 ;
; Save base=8 wid=1 in lookaside.
    %set/v v00153648_0, 8, 1;
    %jmp T_4.4;
T_4.1 ;
    %ix/load 1, 2, 0;
    %mov 4, 0, 1;
    %jmp/1 T_4.7, 4;
    %load/x1p 8, v001536F8_0, 1;
    %jmp T_4.8;
T_4.7 ;
    %mov 8, 2, 1;
T_4.8 ;
; Save base=8 wid=1 in lookaside.
    %set/v v00153648_0, 8, 1;
    %jmp T_4.4;
T_4.2 ;
    %ix/load 1, 1, 0;
    %mov 4, 0, 1;
    %jmp/1 T_4.9, 4;
    %load/x1p 8, v001536F8_0, 1;
    %jmp T_4.10;
T_4.9 ;
    %mov 8, 2, 1;
T_4.10 ;
; Save base=8 wid=1 in lookaside.
    %set/v v00153648_0, 8, 1;
    %jmp T_4.4;
T_4.3 ;
    %load/v 8, v001536F8_0, 1; Only need 1 of 4 bits
; Save base=8 wid=1 in lookaside.
    %set/v v00153648_0, 8, 1;
    %jmp T_4.4;
T_4.4 ;
    %jmp T_4;
    .thread T_4, $push;
# The file index is used to find the file name in the following table.
:file_names 4;
    "N/A";
    "<interactive>";
    "mux_16x1.v";
    "./mux1.v";
